e5c27d5c-7efc-4661-89e2-7ca8329c998a:1734456111658:0:F:create table customer(cid INTEGER, cname VARCHAR2(20), city CHAR(15), DOB DATE );
31fda50f-53e7-41db-ab77-7cb32a054162:1734456111767:8:S:ALTER TABLE customer MODIFY cname VARCHAR2(30);
52041d6b-0a5e-4589-9e7d-2c3d99db5174:1734456111843:3:S:SELECT *FROM CUSTOMERS;
9c23fa30-0ec9-40b6-a4d6-70afd7d9b392:1734456111935:0:F:ALTER TABLE customer ADD(cellphone CHAR(10), email CHAR(35));
2251bc87-bf1f-412b-8476-9579a343f286:1734456112103:3:S:INSERT INTO customer (cid, cName, city, DOB, cellphone, email) VALUES (1, 'ALICE', 'MANGALURU', TO_DATE('1990-01-01', 'YYYY-MM-DD'), '1234567890', 'alice@example.com');
706b42c2-b9b0-423f-a6f6-a1b0e815df89:1734456112226:2:S:INSERT INTO customer (cid, cName, city, DOB, cellphone, email) VALUES (2, 'BOB', 'UDUPI', TO_DATE('1985-05-15', 'YYYY-MM-DD'), '0987654321', 'bob@example.com');
c3816571-6d66-4699-bc08-ac234ee65674:1734456112328:2:S:INSERT INTO customer (cid, cName, city, DOB, cellphone, email) VALUES (3, 'CHARLIE', 'KASARAGOD', TO_DATE('1992-07-20', 'YYYY-MM-DD'), '1122334455', 'charlie@example.com');
0b4a3c7d-13f7-41fa-98d3-79616e508c39:1734456112428:2:S:INSERT INTO customer (cid, cName, city, DOB, cellphone, email) VALUES (4, 'DAVID', 'MANGALURU', TO_DATE('1988-03-30', 'YYYY-MM-DD'), '2233445566', 'david@example.com');
9d3ab19f-5611-4a0e-aa0a-3deaf6d71066:1734456112551:2:S:INSERT INTO customer (cid, cName, city, DOB, cellphone, email) VALUES (5, 'EVE', 'MANGALURU', TO_DATE('1995-12-12', 'YYYY-MM-DD'), '3344556677', 'eve@example.com');
c77383e8-e760-43ec-85b1-438efc01e2a4:1734456112650:3:S:INSERT INTO customer (cid, cName, city, DOB, cellphone, email) VALUES (6, 'FRANK', 'UDUPI', TO_DATE('1991-11-11', 'YYYY-MM-DD'), '4455667788', 'frank@example.com');
fc20e27a-6be6-45d6-a2c6-63ea99ea9d88:1734456112758:3:S:INSERT INTO customer (cid, cName, city, DOB, cellphone, email) VALUES (7, 'GRACE', 'KASARAGOD', TO_DATE('1993-09-09', 'YYYY-MM-DD'), '5566778899', 'grace@example.com');
79239a1e-c82a-4ebb-aa61-35ef3c753d70:1734456112853:2:S:INSERT INTO customer (cid, cName, city, DOB, cellphone, email) VALUES (8, 'Maeve', 'Goa', TO_DATE('2001-09-09', 'YYYY-MM-DD'),'9822489709', 'maeve@gmail.com');
1d20200f-ab7d-4935-8371-8ffa383de6f3:1734456112933:2:S:INSERT INTO customer (cid, cName, city, DOB, cellphone, email) VALUES (9,'IVAN','UDUPI',TO_DATE('1994-08-08','YYYY-MM-DD'),'7788990011','ivan@example.com');
32207ea2-e3c7-4e8e-b21e-ccbc84ca7a3f:1734456113017:0:F:ALTER TABLE customer DROP COLUMN email;
9c5fc098-caa0-4638-9841-013d4a8701c7:1734456113088:0:F:ALTER TABLE CUSTOMER ADD Income NUMBER(10,2);
3becad83-2b19-4f26-b424-56c538a18f64:1734456113192:3:S:UPDATE CUSTOMER SET INCOME = 50000 where cid IN (1);
e4962041-4c7b-475a-8808-00ef271f8370:1734456113247:0:F:ALTER TABLE customer RENAME to customers;
23637dea-d844-4b45-a0ad-a941c2a40f51:1734456113348:1:S:UPDATE CUSTOMERS SET CITY = 'newcity', Income = 60000 WHERE ROWNUM <=3;
bf784949-9fb6-4791-9f19-63b545300f57:1734456113412:2:S:UPDATE CUSTOMERS SET INCOME = 600000 WHERE CITY IN ('MANGALURU','UDUPI','KASARAGOD');
d87539fb-b287-4e7b-880f-1d15ef351bf8:1734456113495:2:S:DELETE FROM CUSTOMERS WHERE INCOME > 20000 AND INCOME < 70000;
412b7c18-a914-4d63-af8c-8ac0b12f1799:1734456113587:199:S:SELECT table_name FROM user_tables;
8acfc9db-12f3-45d1-8751-9fb5e954e748:1734456114087:0:F:create table customer(cid INTEGER, cname VARCHAR2(20), city CHAR(15), DOB DATE );
b9a528a9-ef39-4420-b180-aae104ebd192:1734456114133:9:S:ALTER TABLE customer MODIFY cname VARCHAR2(30);
a62173ce-0247-45a8-a48b-b05cd370dd05:1734456114176:2:S:SELECT *FROM CUSTOMERS;
91306ecb-7eac-4b52-9a7d-eae42d1be90b:1734456114216:0:F:ALTER TABLE customer ADD(cellphone CHAR(10), email CHAR(35));
82d39de9-77f5-4e78-9055-30989a1a6431:1734456114349:2:S:INSERT INTO customer (cid, cName, city, DOB, cellphone, email) VALUES (1, 'ALICE', 'MANGALURU', TO_DATE('1990-01-01', 'YYYY-MM-DD'), '1234567890', 'alice@example.com');
5e8febc1-0a0c-42e2-be3e-36a6d2d0d1bc:1734456114426:2:S:INSERT INTO customer (cid, cName, city, DOB, cellphone, email) VALUES (2, 'BOB', 'UDUPI', TO_DATE('1985-05-15', 'YYYY-MM-DD'), '0987654321', 'bob@example.com');
87e10301-1788-4284-ad9c-c947132dc3ea:1734456114504:2:S:INSERT INTO customer (cid, cName, city, DOB, cellphone, email) VALUES (3, 'CHARLIE', 'KASARAGOD', TO_DATE('1992-07-20', 'YYYY-MM-DD'), '1122334455', 'charlie@example.com');
742c661f-7229-43b7-947a-385854af8852:1734456114588:2:S:INSERT INTO customer (cid, cName, city, DOB, cellphone, email) VALUES (4, 'DAVID', 'MANGALURU', TO_DATE('1988-03-30', 'YYYY-MM-DD'), '2233445566', 'david@example.com');
b705ffc5-9825-4939-8de9-1893ce6857b8:1734456114664:2:S:INSERT INTO customer (cid, cName, city, DOB, cellphone, email) VALUES (5, 'EVE', 'MANGALURU', TO_DATE('1995-12-12', 'YYYY-MM-DD'), '3344556677', 'eve@example.com');
99cf6ff8-2cbc-4742-adbb-9c058a3c7003:1734456114742:2:S:INSERT INTO customer (cid, cName, city, DOB, cellphone, email) VALUES (6, 'FRANK', 'UDUPI', TO_DATE('1991-11-11', 'YYYY-MM-DD'), '4455667788', 'frank@example.com');
fdade7d9-708c-4188-809f-eb226139957a:1734456114836:2:S:INSERT INTO customer (cid, cName, city, DOB, cellphone, email) VALUES (7, 'GRACE', 'KASARAGOD', TO_DATE('1993-09-09', 'YYYY-MM-DD'), '5566778899', 'grace@example.com');
61f0cd3e-0924-403a-b4db-03c1087950c9:1734456114925:2:S:INSERT INTO customer (cid, cName, city, DOB, cellphone, email) VALUES (8, 'Maeve', 'Goa', TO_DATE('2001-09-09', 'YYYY-MM-DD'),'9822489709', 'maeve@gmail.com');
41ed27ec-bd92-4010-8d2e-d45273f68f30:1734456114985:2:S:INSERT INTO customer (cid, cName, city, DOB, cellphone, email) VALUES (9,'IVAN','UDUPI',TO_DATE('1994-08-08','YYYY-MM-DD'),'7788990011','ivan@example.com');
d9d96328-596b-4a40-be6b-c8f2c32e6207:1734456115054:0:F:ALTER TABLE customer DROP COLUMN email;
247eb133-42ab-428b-9491-52bd1950262e:1734456115103:0:F:ALTER TABLE CUSTOMER ADD Income NUMBER(10,2);
b7cffd1a-3949-4529-b162-1b05c0275c78:1734456115183:3:S:UPDATE CUSTOMER SET INCOME = 50000 where cid IN (1);
ca7a2c65-b5f2-48b9-9997-0355de1e0a6f:1734456115223:0:F:ALTER TABLE customer RENAME to customers;
4dc89279-090f-4b25-8689-a86173cbc139:1734456115310:1:S:UPDATE CUSTOMERS SET CITY = 'newcity', Income = 60000 WHERE ROWNUM <=3;
99b42e2a-2699-4362-9018-6958ebdcb997:1734456115357:1:S:UPDATE CUSTOMERS SET INCOME = 600000 WHERE CITY IN ('MANGALURU','UDUPI','KASARAGOD');
5ebc635f-8789-4c25-8b39-56e5cb4764ef:1734456115430:1:S:DELETE FROM CUSTOMERS WHERE INCOME > 20000 AND INCOME < 70000;
e53d482d-c9b0-4ed2-9f35-e8d4adea8fc6:1734456115518:148:S:SELECT table_name FROM user_tables;
